<?xml version="1.0" encoding="UTF-8"?><testsuite errors="0" failures="0" name="com.virgingames.potsinfo.RoxorTest" skipped="0" tests="3" time="7.25" timestamp="2023-06-14T14:40:15.397+01:00[Europe/London]"><testcase classname="com.virgingames.potsinfo.RoxorTest" name="Validate jackpotId = Roxor Progressives"/><testcase classname="com.virgingames.potsinfo.RoxorTest" name="Verify pots 4th id has name = play-classic-video-poker"/><testcase classname="com.virgingames.potsinfo.RoxorTest" name="Verify When currency is GBP then the response contains correct currencies in GBP"/></testsuite>